<?xml version="1.0" encoding="UTF-8"?>
<testsuite xmlns:xsi="http://www.w3.org/2001/XMLSchema-instance" xsi:noNamespaceSchemaLocation="https://maven.apache.org/surefire/maven-surefire-plugin/xsd/surefire-test-report.xsd" version="3.0.2" name="fr.aplose.erp.ErpApplicationIntegrationTest" time="10.132" tests="1" errors="0" skipped="0" failures="0">
  <properties>
[...]
</properties>
  <testcase name="contextLoads" classname="fr.aplose.erp.ErpApplicationIntegrationTest" time="0.023">
    <system-out><![CDATA[22:43:44.103 [main] INFO org.springframework.test.context.support.AnnotationConfigContextLoaderUtils -- Could not detect default configuration classes for test class [fr.aplose.erp.ErpApplicationIntegrationTest]: ErpApplicationIntegrationTest does not declare any static, non-private, non-final, nested classes annotated with @Configuration.
22:43:44.247 [main] INFO org.springframework.boot.test.context.SpringBootTestContextBootstrapper -- Found @SpringBootConfiguration fr.aplose.erp.ErpApplication for test class fr.aplose.erp.ErpApplicationIntegrationTest

  .   ____          _            __ _ _
 /\\ / ___'_ __ _ _(_)_ __  __ _ \ \ \ \
( ( )\___ | '_ | '_| | '_ \/ _` | \ \ \ \
 \\/  ___)| |_)| | | | | || (_| |  ) ) ) )
  '  |____| .__|_| |_|_| |_\__, | / / / /
 =========|_|==============|___/=/_/_/_/

 :: Spring Boot ::                (v4.0.2)

2026-02-23T22:43:44.762+01:00  INFO 53582 --- [AploseERP] [           main] f.a.erp.ErpApplicationIntegrationTest    : Starting ErpApplicationIntegrationTest using Java 25.0.1 with PID 53582 (started by oandrade in /home/oandrade/git-repos/AploseERP)
2026-02-23T22:43:44.766+01:00  INFO 53582 --- [AploseERP] [           main] f.a.erp.ErpApplicationIntegrationTest    : The following 1 profile is active: "test"
2026-02-23T22:43:46.053+01:00  INFO 53582 --- [AploseERP] [           main] .s.d.r.c.RepositoryConfigurationDelegate : Bootstrapping Spring Data JPA repositories in DEFAULT mode.
2026-02-23T22:43:46.223+01:00  INFO 53582 --- [AploseERP] [           main] .s.d.r.c.RepositoryConfigurationDelegate : Finished Spring Data repository scanning in 159 ms. Found 29 JPA repository interfaces.
2026-02-23T22:43:47.278+01:00  INFO 53582 --- [AploseERP] [           main] com.zaxxer.hikari.HikariDataSource       : HikariPool-1 - Starting...
2026-02-23T22:43:47.464+01:00  INFO 53582 --- [AploseERP] [           main] com.zaxxer.hikari.pool.HikariPool        : HikariPool-1 - Added connection conn0: url=jdbc:h2:mem:testdb user=APLOSEERP
2026-02-23T22:43:47.467+01:00  INFO 53582 --- [AploseERP] [           main] com.zaxxer.hikari.HikariDataSource       : HikariPool-1 - Start completed.
2026-02-23T22:43:47.531+01:00  INFO 53582 --- [AploseERP] [           main] org.flywaydb.core.FlywayExecutor         : Database: jdbc:h2:mem:testdb (H2 2.4)
2026-02-23T22:43:47.546+01:00  WARN 53582 --- [AploseERP] [           main] o.f.c.internal.database.base.Database    : Using H2 2.4.240 which is newer than the version Flyway has been verified with. The latest verified version of H2 is 2.3.232.
2026-02-23T22:43:47.588+01:00  INFO 53582 --- [AploseERP] [           main] o.f.c.i.s.JdbcTableSchemaHistory         : Schema history table "PUBLIC"."flyway_schema_history" does not exist yet
2026-02-23T22:43:47.592+01:00  INFO 53582 --- [AploseERP] [           main] o.f.core.internal.command.DbValidate     : Successfully validated 1 migration (execution time 00:00.021s)
2026-02-23T22:43:47.602+01:00  INFO 53582 --- [AploseERP] [           main] o.f.c.i.s.JdbcTableSchemaHistory         : Creating Schema History table "PUBLIC"."flyway_schema_history" ...
2026-02-23T22:43:47.647+01:00  INFO 53582 --- [AploseERP] [           main] o.f.core.internal.command.DbMigrate      : Current version of schema "PUBLIC": << Empty Schema >>
2026-02-23T22:43:47.717+01:00  INFO 53582 --- [AploseERP] [           main] o.f.core.internal.command.DbMigrate      : Migrating schema "PUBLIC" to version "1 - schema"
2026-02-23T22:43:48.021+01:00  INFO 53582 --- [AploseERP] [           main] o.f.core.internal.command.DbMigrate      : Successfully applied 1 migration to schema "PUBLIC", now at version v1 (execution time 00:00.285s)
2026-02-23T22:43:48.146+01:00  INFO 53582 --- [AploseERP] [           main] org.hibernate.orm.jpa                    : HHH008540: Processing PersistenceUnitInfo [name: default]
2026-02-23T22:43:48.208+01:00  INFO 53582 --- [AploseERP] [           main] org.hibernate.orm.core                   : HHH000001: Hibernate ORM core version 7.2.1.Final
2026-02-23T22:43:48.564+01:00  INFO 53582 --- [AploseERP] [           main] o.s.o.j.p.SpringPersistenceUnitInfo      : No LoadTimeWeaver setup: ignoring JPA class transformer
2026-02-23T22:43:48.639+01:00  INFO 53582 --- [AploseERP] [           main] org.hibernate.orm.connections.pooling    : HHH10001005: Database info:
	Database JDBC URL [jdbc:h2:mem:testdb]
	Database driver: H2 JDBC Driver
	Database dialect: H2Dialect
	Database version: 2.4.240
	Default catalog/schema: TESTDB/PUBLIC
	Autocommit mode: undefined/unknown
	Isolation level: READ_COMMITTED [default READ_COMMITTED]
	JDBC fetch size: 100
	Pool: DataSourceConnectionProvider
	Minimum pool size: undefined/unknown
	Maximum pool size: undefined/unknown
2026-02-23T22:43:50.122+01:00  INFO 53582 --- [AploseERP] [           main] org.hibernate.orm.core                   : HHH000489: No JTA platform available (set 'hibernate.transaction.jta.platform' to enable JTA platform integration)
2026-02-23T22:43:50.130+01:00  INFO 53582 --- [AploseERP] [           main] j.LocalContainerEntityManagerFactoryBean : Initialized JPA EntityManagerFactory for persistence unit 'default'
2026-02-23T22:43:50.234+01:00  INFO 53582 --- [AploseERP] [           main] o.s.d.j.r.query.QueryEnhancerFactories   : Hibernate is in classpath; If applicable, HQL parser will be used.
2026-02-23T22:43:52.995+01:00  WARN 53582 --- [AploseERP] [           main] r$InitializeUserDetailsManagerConfigurer : Global AuthenticationManager configured with an AuthenticationProvider bean. UserDetailsService beans will not be used by Spring Security for automatically configuring username/password login. Consider removing the AuthenticationProvider bean. Alternatively, consider using the UserDetailsService in a manually instantiated DaoAuthenticationProvider. If the current configuration is intentional, to turn off this warning, increase the logging level of 'org.springframework.security.config.annotation.authentication.configuration.InitializeUserDetailsBeanManagerConfigurer' to ERROR
2026-02-23T22:43:54.003+01:00  INFO 53582 --- [AploseERP] [           main] f.a.erp.ErpApplicationIntegrationTest    : Started ErpApplicationIntegrationTest in 9.595 seconds (process running for 12.338)
]]></system-out>
  </testcase>
</testsuite>